[
    {
        "timestamp": "2025-11-15 14:51:23",
        "account_no": "290305",
        "type": "Withdrawal",
        "amount": -1000,
        "status": "Success",
        "target_acc_no": null
    },
    {
        "timestamp": "2025-11-15 14:51:41",
        "account_no": "290305",
        "type": "Deposit",
        "amount": 1000,
        "status": "Success",
        "target_acc_no": null
    },
    {
        "timestamp": "2025-11-15 14:54:52",
        "account_no": "290305",
        "type": "Send",
        "amount": -100,
        "status": "Success",
        "target_acc_no": "000001"
    },
    {
        "timestamp": "2025-11-15 14:54:52",
        "account_no": "000001",
        "type": "Receive (Send)",
        "amount": 100,
        "status": "Success",
        "target_acc_no": "290305"
    },
    {
        "timestamp": "2025-11-15 14:57:02",
        "account_no": "000001",
        "type": "Send",
        "amount": -128,
        "status": "Success",
        "target_acc_no": "290305"
    },
    {
        "timestamp": "2025-11-15 14:57:02",
        "account_no": "290305",
        "type": "Receive (Send)",
        "amount": 128,
        "status": "Success",
        "target_acc_no": "000001"
    },
    {
        "timestamp": "2025-11-15 15:13:34",
        "account_no": "290305",
        "type": "Withdrawal",
        "amount": -28,
        "status": "Success",
        "target_acc_no": null
    },
    {
        "timestamp": "2025-11-15 15:28:16",
        "account_no": "280505",
        "type": "Withdrawal",
        "amount": -1000,
        "status": "Success",
        "target_acc_no": null
    },
    {
        "timestamp": "2025-11-16 13:27:43",
        "account_no": "525443",
        "type": "Send",
        "amount": -2000,
        "status": "Success",
        "target_acc_no": "151967"
    },
    {
        "timestamp": "2025-11-16 13:27:43",
        "account_no": "151967",
        "type": "Receive (Send)",
        "amount": 2000,
        "status": "Success",
        "target_acc_no": "525443"
    },
    {
        "timestamp": "2025-11-16 13:31:07",
        "account_no": "525443",
        "type": "Receive (Request)",
        "amount": 2000,
        "status": "Success",
        "target_acc_no": "151967"
    },
    {
        "timestamp": "2025-11-16 13:31:07",
        "account_no": "151967",
        "type": "Send (Request)",
        "amount": -2000,
        "status": "Success",
        "target_acc_no": "525443"
    },
    {
        "timestamp": "2025-11-16 13:34:18",
        "account_no": "525443",
        "type": "Receive (Request)",
        "amount": 2000,
        "status": "Success",
        "target_acc_no": "151967"
    },
    {
        "timestamp": "2025-11-16 13:34:18",
        "account_no": "151967",
        "type": "Send (Request)",
        "amount": -2000,
        "status": "Success",
        "target_acc_no": "525443"
    },
    {
        "timestamp": "2025-11-16 13:56:19",
        "account_no": "280505",
        "type": "Send (Request)",
        "amount": -1000,
        "status": "Success",
        "target_acc_no": "290305"
    },
    {
        "timestamp": "2025-11-16 13:56:19",
        "account_no": "290305",
        "type": "Receive (Request)",
        "amount": 1000,
        "status": "Success",
        "target_acc_no": "280505"
    },
    {
        "timestamp": "2025-11-16 13:57:29",
        "account_no": "290305",
        "type": "Send",
        "amount": -1000,
        "status": "Success",
        "target_acc_no": "280505"
    },
    {
        "timestamp": "2025-11-16 13:57:29",
        "account_no": "280505",
        "type": "Receive (Send)",
        "amount": 1000,
        "status": "Success",
        "target_acc_no": "290305"
    }
]